app/build/outputs/logs/manifest-merger-AnZhiShiChang-debug-report.txt
-- Merging decision tree log ---
uses-permission#com.shizhong.view.ui.permission.JPUSH_MESSAGE
INJECTED from src/main/AndroidManifest.xml:32:5-81
	android:name
		INJECTED from src/main/AndroidManifest.xml
		ADDED from src/main/AndroidManifest.xml:32:22-78
category#com.shizhong.view.ui
INJECTED from src/main/AndroidManifest.xml:234:17-61
INJECTED from src/main/AndroidManifest.xml:265:17-61
INJECTED from src/main/AndroidManifest.xml:276:17-61
INJECTED from src/main/AndroidManifest.xml:310:17-61
	android:name
		INJECTED from src/main/AndroidManifest.xml
		INJECTED from src/main/AndroidManifest.xml
		INJECTED from src/main/AndroidManifest.xml
		INJECTED from src/main/AndroidManifest.xml
		ADDED from src/main/AndroidManifest.xml:234:27-58
meta-data#UMENG_CHANNEL
INJECTED from src/main/AndroidManifest.xml:341:9-343:54
	android:value
		INJECTED from src/main/AndroidManifest.xml
		ADDED from src/main/AndroidManifest.xml:343:13-51
	android:name
		ADDED from src/main/AndroidManifest.xml:342:13-41
manifest
ADDED from src/main/AndroidManifest.xml:2:1-649:12
INJECTED from src/main/AndroidManifest.xml:2:1-649:12
INJECTED from src/main/AndroidManifest.xml:2:1-649:12
INJECTED from src/main/AndroidManifest.xml:2:1-649:12
MERGED from [com.android.support:multidex:1.0.2] AndroidManifest.xml:17:1-22:12
MERGED from [:ijkplayer-java] AndroidManifest.xml:2:1-7:12
MERGED from [com.android.support:recyclerview-v7:24.0.0] AndroidManifest.xml:17:1-22:12
MERGED from [:EaseUI_2_2_8] AndroidManifest.xml:2:1-11:12
MERGED from [com.facebook.fresco:fresco:0.11.0] AndroidManifest.xml:2:1-9:12
MERGED from [com.facebook.fresco:drawee:0.11.0] AndroidManifest.xml:2:1-9:12
MERGED from [com.facebook.fresco:imagepipeline:0.11.0] AndroidManifest.xml:2:1-9:12
MERGED from [com.facebook.fresco:imagepipeline-base:0.11.0] AndroidManifest.xml:2:1-9:12
MERGED from [com.android.support:support-v4:24.0.0] AndroidManifest.xml:17:1-27:12
MERGED from [com.facebook.fresco:fbcore:0.11.0] AndroidManifest.xml:2:1-9:12
INJECTED from src/main/AndroidManifest.xml:2:1-649:12
INJECTED from src/main/AndroidManifest.xml:2:1-649:12
INJECTED from src/main/AndroidManifest.xml:2:1-649:12
	package
		ADDED from src/main/AndroidManifest.xml:3:5-35
		INJECTED from src/main/AndroidManifest.xml
		INJECTED from src/main/AndroidManifest.xml
	android:versionName
		INJECTED from src/main/AndroidManifest.xml
		ADDED from src/main/AndroidManifest.xml:2:1-649:12
		INJECTED from src/main/AndroidManifest.xml
	android:versionCode
		INJECTED from src/main/AndroidManifest.xml
		ADDED from src/main/AndroidManifest.xml:2:1-649:12
		INJECTED from src/main/AndroidManifest.xml
	xmlns:android
		ADDED from src/main/AndroidManifest.xml:2:11-69
uses-sdk
ADDED from src/main/AndroidManifest.xml:5:5-7:41
INJECTED from src/main/AndroidManifest.xml:5:5-7:41
INJECTED from src/main/AndroidManifest.xml:5:5-7:41
MERGED from [com.android.support:multidex:1.0.2] AndroidManifest.xml:20:5-43
MERGED from [com.android.support:multidex:1.0.2] AndroidManifest.xml:20:5-43
MERGED from [:ijkplayer-java] AndroidManifest.xml:5:5-43
MERGED from [:ijkplayer-java] AndroidManifest.xml:5:5-43
MERGED from [com.android.support:recyclerview-v7:24.0.0] AndroidManifest.xml:20:5-43
MERGED from [com.android.support:recyclerview-v7:24.0.0] AndroidManifest.xml:20:5-43
MERGED from [:EaseUI_2_2_8] AndroidManifest.xml:7:5-9:41
MERGED from [:EaseUI_2_2_8] AndroidManifest.xml:7:5-9:41
MERGED from [com.facebook.fresco:fresco:0.11.0] AndroidManifest.xml:5:5-7:41
MERGED from [com.facebook.fresco:fresco:0.11.0] AndroidManifest.xml:5:5-7:41
MERGED from [com.facebook.fresco:drawee:0.11.0] AndroidManifest.xml:5:5-7:41
MERGED from [com.facebook.fresco:drawee:0.11.0] AndroidManifest.xml:5:5-7:41
MERGED from [com.facebook.fresco:imagepipeline:0.11.0] AndroidManifest.xml:5:5-7:41
MERGED from [com.facebook.fresco:imagepipeline:0.11.0] AndroidManifest.xml:5:5-7:41
MERGED from [com.facebook.fresco:imagepipeline-base:0.11.0] AndroidManifest.xml:5:5-7:41
MERGED from [com.facebook.fresco:imagepipeline-base:0.11.0] AndroidManifest.xml:5:5-7:41
MERGED from [com.android.support:support-v4:24.0.0] AndroidManifest.xml:21:5-23:54
MERGED from [com.android.support:support-v4:24.0.0] AndroidManifest.xml:21:5-23:54
MERGED from [com.facebook.fresco:fbcore:0.11.0] AndroidManifest.xml:5:5-7:41
MERGED from [com.facebook.fresco:fbcore:0.11.0] AndroidManifest.xml:5:5-7:41
INJECTED from src/main/AndroidManifest.xml:5:5-7:41
INJECTED from src/main/AndroidManifest.xml:5:5-7:41
	tools:overrideLibrary
		ADDED from [com.android.support:support-v4:24.0.0] AndroidManifest.xml:23:9-51
	android:targetSdkVersion
		ADDED from src/main/AndroidManifest.xml:7:9-38
		INJECTED from src/main/AndroidManifest.xml
		INJECTED from src/main/AndroidManifest.xml
	android:minSdkVersion
		ADDED from src/main/AndroidManifest.xml:6:9-35
		INJECTED from src/main/AndroidManifest.xml
		INJECTED from src/main/AndroidManifest.xml
uses-permission#android.permission.INTERNET
ADDED from src/main/AndroidManifest.xml:9:5-67
	android:name
		ADDED from src/main/AndroidManifest.xml:9:22-64
permission#com.shizhong.view.ui.permission.JPUSH_MESSAGE
ADDED from src/main/AndroidManifest.xml:11:5-13:47
	android:protectionLevel
		ADDED from src/main/AndroidManifest.xml:13:9-44
	android:name
		ADDED from src/main/AndroidManifest.xml:12:9-69
uses-permission#android.permission.BLUETOOTH
ADDED from src/main/AndroidManifest.xml:19:5-67
	android:name
		ADDED from src/main/AndroidManifest.xml:19:22-65
uses-permission#android.permission.BLUETOOTH_ADMIN
ADDED from src/main/AndroidManifest.xml:20:5-73
	android:name
		ADDED from src/main/AndroidManifest.xml:20:22-71
uses-permission#getui.permission.GetuiService.com.shizhong.view.ui
ADDED from src/main/AndroidManifest.xml:24:5-90
	android:name
		ADDED from src/main/AndroidManifest.xml:24:22-87
permission#getui.permission.GetuiService.com.shizhong.view.ui
ADDED from src/main/AndroidManifest.xml:26:5-29:18
	android:protectionLevel
		ADDED from src/main/AndroidManifest.xml:28:9-41
	android:name
		ADDED from src/main/AndroidManifest.xml:27:9-74
uses-permission#android.permission.RECEIVE_USER_PRESENT
ADDED from src/main/AndroidManifest.xml:33:5-79
	android:name
		ADDED from src/main/AndroidManifest.xml:33:22-76
uses-permission#android.permission.READ_PHONE_STATE
ADDED from src/main/AndroidManifest.xml:34:5-75
	android:name
		ADDED from src/main/AndroidManifest.xml:34:22-72
uses-permission#android.permission.READ_EXTERNAL_STORAGE
ADDED from src/main/AndroidManifest.xml:35:5-80
	android:name
		ADDED from src/main/AndroidManifest.xml:35:22-77
uses-permission#android.permission.WRITE_SETTINGS
ADDED from src/main/AndroidManifest.xml:36:5-73
	android:name
		ADDED from src/main/AndroidManifest.xml:36:22-70
uses-permission#android.permission.VIBRATE
ADDED from src/main/AndroidManifest.xml:37:5-66
	android:name
		ADDED from src/main/AndroidManifest.xml:37:22-63
uses-permission#android.permission.RECEIVE_BOOT_COMPLETED
ADDED from src/main/AndroidManifest.xml:38:5-81
	android:name
		ADDED from src/main/AndroidManifest.xml:38:22-78
uses-permission#android.permission.ACCESS_COARSE_LOCATION
ADDED from src/main/AndroidManifest.xml:39:5-81
	android:name
		ADDED from src/main/AndroidManifest.xml:39:22-78
uses-permission#android.permission.CHANGE_WIFI_STATE
ADDED from src/main/AndroidManifest.xml:40:5-76
	android:name
		ADDED from src/main/AndroidManifest.xml:40:22-73
uses-permission#android.permission.ACCESS_FINE_LOCATION
ADDED from src/main/AndroidManifest.xml:41:5-79
	android:name
		ADDED from src/main/AndroidManifest.xml:41:22-76
uses-permission#android.permission.ACCESS_LOCATION_EXTRA_COMMANDS
ADDED from src/main/AndroidManifest.xml:42:5-89
	android:name
		ADDED from src/main/AndroidManifest.xml:42:22-86
uses-permission#android.permission.CHANGE_NETWORK_STATE
ADDED from src/main/AndroidManifest.xml:43:5-79
	android:name
		ADDED from src/main/AndroidManifest.xml:43:22-76
uses-permission#android.permission.MODIFY_AUDIO_SETTINGS
ADDED from src/main/AndroidManifest.xml:44:5-80
	android:name
		ADDED from src/main/AndroidManifest.xml:44:22-77
uses-permission#android.permission.ACCESS_COARSE_UPDATES
ADDED from src/main/AndroidManifest.xml:45:5-80
	android:name
		ADDED from src/main/AndroidManifest.xml:45:22-77
uses-permission#android.permission.READ_LOGS
ADDED from src/main/AndroidManifest.xml:46:5-68
	android:name
		ADDED from src/main/AndroidManifest.xml:46:22-65
uses-permission#android.permission.CALL_PHONE
ADDED from src/main/AndroidManifest.xml:47:5-69
	android:name
		ADDED from src/main/AndroidManifest.xml:47:22-66
uses-permission#android.permission.GET_TASKS
ADDED from src/main/AndroidManifest.xml:48:5-68
	android:name
		ADDED from src/main/AndroidManifest.xml:48:22-65
uses-permission#android.permission.SET_DEBUG_APP
ADDED from src/main/AndroidManifest.xml:49:5-72
	android:name
		ADDED from src/main/AndroidManifest.xml:49:22-69
uses-permission#android.permission.GET_ACCOUNTS
ADDED from src/main/AndroidManifest.xml:50:5-71
	android:name
		ADDED from src/main/AndroidManifest.xml:50:22-68
uses-permission#android.permission.USE_CREDENTIALS
ADDED from src/main/AndroidManifest.xml:51:5-74
	android:name
		ADDED from src/main/AndroidManifest.xml:51:22-71
uses-permission#android.permission.MANAGE_ACCOUNTS
ADDED from src/main/AndroidManifest.xml:52:5-74
	android:name
		ADDED from src/main/AndroidManifest.xml:52:22-71
uses-permission#android.permission.AUTHENTICATE_ACCOUNTS
ADDED from src/main/AndroidManifest.xml:53:5-80
	android:name
		ADDED from src/main/AndroidManifest.xml:53:22-77
uses-permission#com.android.launcher.permission.READ_SETTINGS
ADDED from src/main/AndroidManifest.xml:54:5-85
	android:name
		ADDED from src/main/AndroidManifest.xml:54:22-82
uses-permission#android.permission.BROADCAST_STICKY
ADDED from src/main/AndroidManifest.xml:55:5-75
	android:name
		ADDED from src/main/AndroidManifest.xml:55:22-72
uses-permission#com.google.android.c2dm.permission.RECEIVE
ADDED from src/main/AndroidManifest.xml:56:5-82
	android:name
		ADDED from src/main/AndroidManifest.xml:56:22-79
uses-permission#android.permission.CAMERA
ADDED from src/main/AndroidManifest.xml:57:5-65
	android:name
		ADDED from src/main/AndroidManifest.xml:57:22-62
uses-permission#android.permission.WRITE_EXTERNAL_STORAGE
ADDED from src/main/AndroidManifest.xml:58:5-81
	android:name
		ADDED from src/main/AndroidManifest.xml:58:22-78
uses-permission#android.permission.WAKE_LOCK
ADDED from src/main/AndroidManifest.xml:59:5-68
	android:name
		ADDED from src/main/AndroidManifest.xml:59:22-65
uses-permission#android.permission.MOUNT_UNMOUNT_FILESYSTEMS
ADDED from src/main/AndroidManifest.xml:60:5-84
	android:name
		ADDED from src/main/AndroidManifest.xml:60:22-81
uses-permission#android.permission.RECORD_VIDEO
ADDED from src/main/AndroidManifest.xml:61:5-71
	android:name
		ADDED from src/main/AndroidManifest.xml:61:22-68
uses-permission#android.permission.RECORD_AUDIO
ADDED from src/main/AndroidManifest.xml:62:5-71
	android:name
		ADDED from src/main/AndroidManifest.xml:62:22-68
uses-permission#com.xiaomi.market.sdk.UPDATE
ADDED from src/main/AndroidManifest.xml:63:5-68
	android:name
		ADDED from src/main/AndroidManifest.xml:63:22-65
uses-permission#android.permission.ACCESS_WIFI_STATE
ADDED from src/main/AndroidManifest.xml:65:5-66:23
	android:name
		ADDED from src/main/AndroidManifest.xml:65:22-73
uses-permission#android.permission.ACCESS_NETWORK_STATE
ADDED from src/main/AndroidManifest.xml:68:5-69:23
	android:name
		ADDED from src/main/AndroidManifest.xml:68:22-76
uses-feature#android.hardware.camera
ADDED from src/main/AndroidManifest.xml:71:5-73:35
	android:required
		ADDED from src/main/AndroidManifest.xml:73:9-32
	android:name
		ADDED from src/main/AndroidManifest.xml:72:9-47
uses-feature#android.hardware.camera.autofocus
ADDED from src/main/AndroidManifest.xml:74:5-76:36
	android:required
		ADDED from src/main/AndroidManifest.xml:76:9-33
	android:name
		ADDED from src/main/AndroidManifest.xml:75:9-57
uses-feature#0x00020000
ADDED from src/main/AndroidManifest.xml:77:5-79:35
	android:glEsVersion
		ADDED from src/main/AndroidManifest.xml:78:9-41
	android:required
		ADDED from src/main/AndroidManifest.xml:79:9-32
uses-permission#com.shizhong.view.ui.permission.C2D_MESSAGE
ADDED from src/main/AndroidManifest.xml:82:5-83
	android:name
		ADDED from src/main/AndroidManifest.xml:82:22-80
permission#com.shizhong.view.ui.permission.C2D_MESSAGE
ADDED from src/main/AndroidManifest.xml:84:5-86:47
	android:protectionLevel
		ADDED from src/main/AndroidManifest.xml:86:9-44
	android:name
		ADDED from src/main/AndroidManifest.xml:85:9-67
application
ADDED from src/main/AndroidManifest.xml:89:5-636:19
MERGED from [com.android.support:support-v4:24.0.0] AndroidManifest.xml:25:5-20
MERGED from [com.android.support:support-v4:24.0.0] AndroidManifest.xml:25:5-20
	android:label
		ADDED from src/main/AndroidManifest.xml:95:9-41
	android:hardwareAccelerated
		ADDED from src/main/AndroidManifest.xml:93:9-43
	android:largeHeap
		ADDED from src/main/AndroidManifest.xml:92:9-33
	android:icon
		ADDED from src/main/AndroidManifest.xml:94:9-42
	android:allowBackup
		ADDED from src/main/AndroidManifest.xml:91:9-35
	android:theme
		ADDED from src/main/AndroidManifest.xml:96:9-40
	android:name
		ADDED from src/main/AndroidManifest.xml:90:9-63
meta-data#PUSH_APPID
ADDED from src/main/AndroidManifest.xml:100:9-102:54
	android:value
		ADDED from src/main/AndroidManifest.xml:102:13-51
	android:name
		ADDED from src/main/AndroidManifest.xml:101:13-38
meta-data#PUSH_APPKEY
ADDED from src/main/AndroidManifest.xml:104:9-106:54
	android:value
		ADDED from src/main/AndroidManifest.xml:106:13-51
	android:name
		ADDED from src/main/AndroidManifest.xml:105:13-39
meta-data#PUSH_APPSECRET
ADDED from src/main/AndroidManifest.xml:108:9-110:54
	android:value
		ADDED from src/main/AndroidManifest.xml:110:13-51
	android:name
		ADDED from src/main/AndroidManifest.xml:109:13-42
receiver#com.shizhong.view.ui.getui.receiver.PushGeTuiReceiver
ADDED from src/main/AndroidManifest.xml:111:9-117:20
	android:exported
		ADDED from src/main/AndroidManifest.xml:113:13-37
	android:name
		ADDED from src/main/AndroidManifest.xml:112:13-81
intent-filter#action:name:com.igexin.sdk.action.hElayebTVh9ulFjtAdQ8GA
ADDED from src/main/AndroidManifest.xml:114:13-116:29
action#com.igexin.sdk.action.hElayebTVh9ulFjtAdQ8GA
ADDED from src/main/AndroidManifest.xml:115:17-87
	android:name
		ADDED from src/main/AndroidManifest.xml:115:25-84
service#com.igexin.sdk.PushService
ADDED from src/main/AndroidManifest.xml:119:9-127:19
	android:process
		ADDED from src/main/AndroidManifest.xml:123:13-43
	android:label
		ADDED from src/main/AndroidManifest.xml:122:13-47
	android:exported
		ADDED from src/main/AndroidManifest.xml:121:13-36
	android:name
		ADDED from src/main/AndroidManifest.xml:120:13-54
intent-filter#action:name:com.igexin.sdk.action.service.message
ADDED from src/main/AndroidManifest.xml:124:13-126:29
action#com.igexin.sdk.action.service.message
ADDED from src/main/AndroidManifest.xml:125:17-79
	android:name
		ADDED from src/main/AndroidManifest.xml:125:25-77
service#com.igexin.sdk.PushServiceUser
ADDED from src/main/AndroidManifest.xml:129:9-132:54
	android:label
		ADDED from src/main/AndroidManifest.xml:132:13-51
	android:exported
		ADDED from src/main/AndroidManifest.xml:131:13-36
	android:name
		ADDED from src/main/AndroidManifest.xml:130:13-58
receiver#com.igexin.sdk.PushReceiver
ADDED from src/main/AndroidManifest.xml:133:9-144:20
	android:name
		ADDED from src/main/AndroidManifest.xml:133:19-61
intent-filter#action:name:android.intent.action.ACTION_POWER_CONNECTED+action:name:android.intent.action.ACTION_POWER_DISCONNECTED+action:name:android.intent.action.BOOT_COMPLETED+action:name:android.intent.action.MEDIA_MOUNTED+action:name:android.intent.action.USER_PRESENT+action:name:android.net.conn.CONNECTIVITY_CHANGE+action:name:com.igexin.sdk.action.refreshls
ADDED from src/main/AndroidManifest.xml:134:13-143:29
action#android.intent.action.BOOT_COMPLETED
ADDED from src/main/AndroidManifest.xml:135:17-79
	android:name
		ADDED from src/main/AndroidManifest.xml:135:25-76
action#android.net.conn.CONNECTIVITY_CHANGE
ADDED from src/main/AndroidManifest.xml:136:17-79
	android:name
		ADDED from src/main/AndroidManifest.xml:136:25-76
action#android.intent.action.USER_PRESENT
ADDED from src/main/AndroidManifest.xml:137:17-77
	android:name
		ADDED from src/main/AndroidManifest.xml:137:25-74
action#com.igexin.sdk.action.refreshls
ADDED from src/main/AndroidManifest.xml:138:17-74
	android:name
		ADDED from src/main/AndroidManifest.xml:138:25-71
action#android.intent.action.MEDIA_MOUNTED
ADDED from src/main/AndroidManifest.xml:140:17-78
	android:name
		ADDED from src/main/AndroidManifest.xml:140:25-75
action#android.intent.action.ACTION_POWER_CONNECTED
ADDED from src/main/AndroidManifest.xml:141:17-87
	android:name
		ADDED from src/main/AndroidManifest.xml:141:25-84
action#android.intent.action.ACTION_POWER_DISCONNECTED
ADDED from src/main/AndroidManifest.xml:142:17-90
	android:name
		ADDED from src/main/AndroidManifest.xml:142:25-87
receiver#com.igexin.sdk.PushManagerReceiver
ADDED from src/main/AndroidManifest.xml:145:9-151:20
	android:exported
		ADDED from src/main/AndroidManifest.xml:147:13-37
	android:name
		ADDED from src/main/AndroidManifest.xml:146:13-62
intent-filter#action:name:com.igexin.sdk.action.pushmanager
ADDED from src/main/AndroidManifest.xml:148:13-150:29
action#com.igexin.sdk.action.pushmanager
ADDED from src/main/AndroidManifest.xml:149:17-76
	android:name
		ADDED from src/main/AndroidManifest.xml:149:25-73
activity#com.igexin.sdk.PushActivity
ADDED from src/main/AndroidManifest.xml:152:9-158:75
	android:process
		ADDED from src/main/AndroidManifest.xml:156:13-43
	android:excludeFromRecents
		ADDED from src/main/AndroidManifest.xml:154:13-46
	android:exported
		ADDED from src/main/AndroidManifest.xml:155:13-37
	android:theme
		ADDED from src/main/AndroidManifest.xml:158:13-72
	android:taskAffinity
		ADDED from src/main/AndroidManifest.xml:157:13-67
	android:name
		ADDED from src/main/AndroidManifest.xml:153:13-55
activity#com.igexin.sdk.GActivity
ADDED from src/main/AndroidManifest.xml:159:9-165:75
	android:process
		ADDED from src/main/AndroidManifest.xml:163:13-43
	android:excludeFromRecents
		ADDED from src/main/AndroidManifest.xml:161:13-46
	android:exported
		ADDED from src/main/AndroidManifest.xml:162:13-36
	android:theme
		ADDED from src/main/AndroidManifest.xml:165:13-72
	android:taskAffinity
		ADDED from src/main/AndroidManifest.xml:164:13-67
	android:name
		ADDED from src/main/AndroidManifest.xml:160:13-52
service#com.igexin.download.DownloadService
ADDED from src/main/AndroidManifest.xml:166:9-168:46
	android:process
		ADDED from src/main/AndroidManifest.xml:168:13-43
	android:name
		ADDED from src/main/AndroidManifest.xml:167:13-63
receiver#com.igexin.download.DownloadReceiver
ADDED from src/main/AndroidManifest.xml:169:9-173:20
	android:name
		ADDED from src/main/AndroidManifest.xml:169:19-70
intent-filter#action:name:android.net.conn.CONNECTIVITY_CHANGE
ADDED from src/main/AndroidManifest.xml:170:13-172:29
provider#com.igexin.download.DownloadProvider
ADDED from src/main/AndroidManifest.xml:174:9-178:46
	android:process
		ADDED from src/main/AndroidManifest.xml:178:13-43
	android:authorities
		ADDED from src/main/AndroidManifest.xml:176:13-65
	android:exported
		ADDED from src/main/AndroidManifest.xml:177:13-36
	android:name
		ADDED from src/main/AndroidManifest.xml:175:13-64
activity#com.shizhong.view.ui.MainActivity
ADDED from src/main/AndroidManifest.xml:181:9-186:20
	android:screenOrientation
		ADDED from src/main/AndroidManifest.xml:183:13-49
	android:windowSoftInputMode
		ADDED from src/main/AndroidManifest.xml:185:13-60
	android:theme
		ADDED from src/main/AndroidManifest.xml:184:13-52
	android:name
		ADDED from src/main/AndroidManifest.xml:182:13-61
activity#com.shizhong.view.ui.Flash_Activity
ADDED from src/main/AndroidManifest.xml:187:9-198:20
	android:screenOrientation
		ADDED from src/main/AndroidManifest.xml:190:13-49
	android:windowSoftInputMode
		ADDED from src/main/AndroidManifest.xml:192:13-60
	android:exported
		ADDED from src/main/AndroidManifest.xml:189:13-36
	android:theme
		ADDED from src/main/AndroidManifest.xml:191:13-47
	android:name
		ADDED from src/main/AndroidManifest.xml:188:13-63
intent-filter#action:name:android.intent.action.MAIN+category:name:android.intent.category.LAUNCHER
ADDED from src/main/AndroidManifest.xml:193:13-197:29
action#android.intent.action.MAIN
ADDED from src/main/AndroidManifest.xml:194:17-69
	android:name
		ADDED from src/main/AndroidManifest.xml:194:25-66
category#android.intent.category.LAUNCHER
ADDED from src/main/AndroidManifest.xml:196:17-77
	android:name
		ADDED from src/main/AndroidManifest.xml:196:27-74
activity#com.shizhong.view.ui.LoginActivity
ADDED from src/main/AndroidManifest.xml:199:9-205:20
	android:screenOrientation
		ADDED from src/main/AndroidManifest.xml:202:13-49
	android:label
		ADDED from src/main/AndroidManifest.xml:201:13-45
	android:windowSoftInputMode
		ADDED from src/main/AndroidManifest.xml:204:13-64
	android:theme
		ADDED from src/main/AndroidManifest.xml:203:13-52
	android:name
		ADDED from src/main/AndroidManifest.xml:200:13-62
activity#com.shizhong.view.ui.ActivityNavigationImages
ADDED from src/main/AndroidManifest.xml:206:9-212:20
	android:screenOrientation
		ADDED from src/main/AndroidManifest.xml:209:13-49
	android:label
		ADDED from src/main/AndroidManifest.xml:208:13-45
	android:windowSoftInputMode
		ADDED from src/main/AndroidManifest.xml:211:13-64
	android:theme
		ADDED from src/main/AndroidManifest.xml:210:13-52
	android:name
		ADDED from src/main/AndroidManifest.xml:207:13-73
activity#com.shizhong.view.ui.ActivityWelcom
ADDED from src/main/AndroidManifest.xml:213:9-218:20
	android:screenOrientation
		ADDED from src/main/AndroidManifest.xml:215:13-49
	android:windowSoftInputMode
		ADDED from src/main/AndroidManifest.xml:217:13-60
	android:theme
		ADDED from src/main/AndroidManifest.xml:216:13-68
	android:name
		ADDED from src/main/AndroidManifest.xml:214:13-63
service#cn.jpush.android.service.DownloadService
ADDED from src/main/AndroidManifest.xml:221:9-225:19
	android:enabled
		ADDED from src/main/AndroidManifest.xml:223:13-35
	android:exported
		ADDED from src/main/AndroidManifest.xml:224:13-37
	android:name
		ADDED from src/main/AndroidManifest.xml:222:13-68
activity#cn.jpush.android.ui.PushActivity
ADDED from src/main/AndroidManifest.xml:226:9-236:20
	android:exported
		ADDED from src/main/AndroidManifest.xml:230:13-37
	android:configChanges
		ADDED from src/main/AndroidManifest.xml:228:13-63
	android:theme
		ADDED from src/main/AndroidManifest.xml:229:13-60
	android:name
		ADDED from src/main/AndroidManifest.xml:227:13-60
intent-filter#action:name:cn.jpush.android.ui.PushActivity+category:name:android.intent.category.DEFAULT+category:name:com.shizhong.view.ui
ADDED from src/main/AndroidManifest.xml:231:13-235:29
action#cn.jpush.android.ui.PushActivity
ADDED from src/main/AndroidManifest.xml:232:17-75
	android:name
		ADDED from src/main/AndroidManifest.xml:232:25-72
category#android.intent.category.DEFAULT
ADDED from src/main/AndroidManifest.xml:233:17-76
	android:name
		ADDED from src/main/AndroidManifest.xml:233:27-73
service#cn.jpush.android.service.PushService
ADDED from src/main/AndroidManifest.xml:242:9-253:19
	android:process
		ADDED from src/main/AndroidManifest.xml:245:13-44
	android:enabled
		ADDED from src/main/AndroidManifest.xml:244:13-35
	android:exported
		ADDED from src/main/AndroidManifest.xml:246:13-37
	android:name
		ADDED from src/main/AndroidManifest.xml:243:13-64
intent-filter#action:name:cn.jpush.android.intent.PUSH_TIME+action:name:cn.jpush.android.intent.PushService+action:name:cn.jpush.android.intent.REGISTER+action:name:cn.jpush.android.intent.REPORT
ADDED from src/main/AndroidManifest.xml:247:13-252:29
action#cn.jpush.android.intent.REGISTER
ADDED from src/main/AndroidManifest.xml:248:17-75
	android:name
		ADDED from src/main/AndroidManifest.xml:248:25-72
action#cn.jpush.android.intent.REPORT
ADDED from src/main/AndroidManifest.xml:249:17-73
	android:name
		ADDED from src/main/AndroidManifest.xml:249:25-70
action#cn.jpush.android.intent.PushService
ADDED from src/main/AndroidManifest.xml:250:17-78
	android:name
		ADDED from src/main/AndroidManifest.xml:250:25-75
action#cn.jpush.android.intent.PUSH_TIME
ADDED from src/main/AndroidManifest.xml:251:17-76
	android:name
		ADDED from src/main/AndroidManifest.xml:251:25-73
service#cn.jpush.android.service.DaemonService
ADDED from src/main/AndroidManifest.xml:257:9-267:19
	android:process
		ADDED from src/main/AndroidManifest.xml:260:13-44
	android:enabled
		ADDED from src/main/AndroidManifest.xml:259:13-35
	android:exported
		ADDED from src/main/AndroidManifest.xml:261:13-36
	android:name
		ADDED from src/main/AndroidManifest.xml:258:13-66
intent-filter#action:name:cn.jpush.android.intent.DaemonService+category:name:com.shizhong.view.ui
ADDED from src/main/AndroidManifest.xml:262:13-266:29
action#cn.jpush.android.intent.DaemonService
ADDED from src/main/AndroidManifest.xml:263:17-80
	android:name
		ADDED from src/main/AndroidManifest.xml:263:25-77
receiver#cn.jpush.android.service.PushReceiver
ADDED from src/main/AndroidManifest.xml:270:9-288:20
	android:enabled
		ADDED from src/main/AndroidManifest.xml:272:13-35
	android:exported
		ADDED from src/main/AndroidManifest.xml:273:13-37
	android:name
		ADDED from src/main/AndroidManifest.xml:271:13-65
intent-filter#action:name:cn.jpush.android.intent.NOTIFICATION_RECEIVED_PROXY+category:name:com.shizhong.view.ui
ADDED from src/main/AndroidManifest.xml:274:13-277:29
	android:priority
		ADDED from src/main/AndroidManifest.xml:274:28-51
action#cn.jpush.android.intent.NOTIFICATION_RECEIVED_PROXY
ADDED from src/main/AndroidManifest.xml:275:17-94
	android:name
		ADDED from src/main/AndroidManifest.xml:275:25-91
intent-filter#action:name:android.intent.action.USER_PRESENT+action:name:android.net.conn.CONNECTIVITY_CHANGE
ADDED from src/main/AndroidManifest.xml:278:13-281:29
intent-filter#action:name:android.intent.action.PACKAGE_ADDED+action:name:android.intent.action.PACKAGE_REMOVED+data:scheme:com.shizhong.view.ui
ADDED from src/main/AndroidManifest.xml:283:13-287:29
action#android.intent.action.PACKAGE_ADDED
ADDED from src/main/AndroidManifest.xml:284:17-78
	android:name
		ADDED from src/main/AndroidManifest.xml:284:25-75
action#android.intent.action.PACKAGE_REMOVED
ADDED from src/main/AndroidManifest.xml:285:17-80
	android:name
		ADDED from src/main/AndroidManifest.xml:285:25-77
data
ADDED from src/main/AndroidManifest.xml:286:17-63
	android:scheme
		ADDED from src/main/AndroidManifest.xml:286:23-60
receiver#cn.jpush.android.service.AlarmReceiver
ADDED from src/main/AndroidManifest.xml:291:9-294:16
	android:process
		ADDED from src/main/AndroidManifest.xml:292:13-44
	android:name
		ADDED from src/main/AndroidManifest.xml:293:13-66
receiver#com.shizhong.view.ui.jpush.JPushReciver
ADDED from src/main/AndroidManifest.xml:297:9-312:20
	android:process
		ADDED from src/main/AndroidManifest.xml:299:13-44
	android:enabled
		ADDED from src/main/AndroidManifest.xml:300:13-35
	android:name
		ADDED from src/main/AndroidManifest.xml:298:13-67
intent-filter#action:name:cn.jpush.android.intent.ACTION_RICHPUSH_CALLBACK+action:name:cn.jpush.android.intent.CONNECTION+action:name:cn.jpush.android.intent.MESSAGE_RECEIVED+action:name:cn.jpush.android.intent.NOTIFICATION_OPENED+action:name:cn.jpush.android.intent.NOTIFICATION_RECEIVED+action:name:cn.jpush.android.intent.REGISTRATION+action:name:cn.jpush.android.intent.UNREGISTRATION+category:name:com.shizhong.view.ui
ADDED from src/main/AndroidManifest.xml:302:13-311:29
action#cn.jpush.android.intent.REGISTRATION
ADDED from src/main/AndroidManifest.xml:303:17-79
	android:name
		ADDED from src/main/AndroidManifest.xml:303:25-76
action#cn.jpush.android.intent.UNREGISTRATION
ADDED from src/main/AndroidManifest.xml:304:17-81
	android:name
		ADDED from src/main/AndroidManifest.xml:304:25-78
action#cn.jpush.android.intent.MESSAGE_RECEIVED
ADDED from src/main/AndroidManifest.xml:305:17-83
	android:name
		ADDED from src/main/AndroidManifest.xml:305:25-80
action#cn.jpush.android.intent.NOTIFICATION_RECEIVED
ADDED from src/main/AndroidManifest.xml:306:17-88
	android:name
		ADDED from src/main/AndroidManifest.xml:306:25-85
action#cn.jpush.android.intent.NOTIFICATION_OPENED
ADDED from src/main/AndroidManifest.xml:307:17-86
	android:name
		ADDED from src/main/AndroidManifest.xml:307:25-83
action#cn.jpush.android.intent.ACTION_RICHPUSH_CALLBACK
ADDED from src/main/AndroidManifest.xml:308:17-91
	android:name
		ADDED from src/main/AndroidManifest.xml:308:25-88
action#cn.jpush.android.intent.CONNECTION
ADDED from src/main/AndroidManifest.xml:309:17-77
	android:name
		ADDED from src/main/AndroidManifest.xml:309:25-74
meta-data#JPUSH_CHANNEL
ADDED from src/main/AndroidManifest.xml:315:9-317:49
	android:value
		ADDED from src/main/AndroidManifest.xml:317:13-46
	android:name
		ADDED from src/main/AndroidManifest.xml:316:13-41
meta-data#JPUSH_APPKEY
ADDED from src/main/AndroidManifest.xml:318:9-320:56
	android:value
		ADDED from src/main/AndroidManifest.xml:320:13-53
	android:name
		ADDED from src/main/AndroidManifest.xml:319:13-40
activity#com.shizhong.view.ui.RegNav1Activity
ADDED from src/main/AndroidManifest.xml:322:9-327:20
	android:screenOrientation
		ADDED from src/main/AndroidManifest.xml:324:13-49
	android:windowSoftInputMode
		ADDED from src/main/AndroidManifest.xml:326:13-64
	android:theme
		ADDED from src/main/AndroidManifest.xml:325:13-52
	android:name
		ADDED from src/main/AndroidManifest.xml:323:13-64
meta-data#UMENG_APPKEY
ADDED from src/main/AndroidManifest.xml:335:9-338:21
	android:value
		ADDED from src/main/AndroidManifest.xml:337:13-53
	android:name